{
  "stats": {
    "suites": 1,
    "tests": 1,
    "passes": 1,
    "pending": 0,
    "failures": 0,
    "start": "2022-08-30T06:45:23.991Z",
    "end": "2022-08-30T06:45:24.558Z",
    "duration": 567,
    "testsRegistered": 1,
    "passPercent": 100,
    "pendingPercent": 0,
    "other": 0,
    "hasOther": false,
    "skipped": 0,
    "hasSkipped": false
  },
  "results": [
    {
      "uuid": "ba83b364-0f66-4150-80e4-ea87d317d77b",
      "title": "",
      "fullFile": "D:\\CypressApps\\FinalProject-03\\test\\scenarios\\01_register.test.js",
      "file": "\\test\\scenarios\\01_register.test.js",
      "beforeHooks": [],
      "afterHooks": [],
      "tests": [],
      "suites": [
        {
          "uuid": "0efee526-bcf8-4d20-914d-94ea8bac79b8",
          "title": "As a guest, I want to register",
          "fullFile": "D:\\CypressApps\\FinalProject-03\\test\\scenarios\\01_register.test.js",
          "file": "\\test\\scenarios\\01_register.test.js",
          "beforeHooks": [],
          "afterHooks": [],
          "tests": [
            {
              "title": "Should succesfully register using valid account",
              "fullTitle": "As a guest, I want to register Should succesfully register using valid account",
              "timedOut": false,
              "duration": 559,
              "state": "passed",
              "speed": "slow",
              "pass": true,
              "fail": false,
              "pending": false,
              "context": null,
              "code": "const response = await ReqresAPI.register(data.VALID_REGISTER)\n\nassert.equal(response.status, 200);\nassert.containsAllKeys(response.data, [\"id\", \"token\"]);\nassert.isNumber(response.data.id);\nassert.isString(response.data.token);\nexpect(response.data).to.be.jsonSchema(schema.VALIDATE_REGISTER_SCHEMA)",
              "err": {},
              "uuid": "693ac8f1-4b20-4aa5-beee-07671a4222bf",
              "parentUUID": "0efee526-bcf8-4d20-914d-94ea8bac79b8",
              "isHook": false,
              "skipped": false
            }
          ],
          "suites": [],
          "passes": [
            "693ac8f1-4b20-4aa5-beee-07671a4222bf"
          ],
          "failures": [],
          "pending": [],
          "skipped": [],
          "duration": 559,
          "root": false,
          "rootEmpty": false,
          "_timeout": 180000
        }
      ],
      "passes": [],
      "failures": [],
      "pending": [],
      "skipped": [],
      "duration": 0,
      "root": true,
      "rootEmpty": true,
      "_timeout": 180000
    }
  ],
  "meta": {
    "mocha": {
      "version": "10.0.0"
    },
    "mochawesome": {
      "options": {
        "quiet": false,
        "reportFilename": "mochawesome",
        "saveHtml": true,
        "saveJson": true,
        "consoleReporter": "spec",
        "useInlineDiffs": false,
        "code": true
      },
      "version": "7.1.3"
    },
    "marge": {
      "options": {
        "reportDir": "reports"
      },
      "version": "6.2.0"
    }
  }
}