{
  "stats": {
    "suites": 2,
    "tests": 2,
    "passes": 2,
    "pending": 0,
    "failures": 0,
    "start": "2022-08-30T09:27:27.718Z",
    "end": "2022-08-30T09:27:31.882Z",
    "duration": 4164,
    "testsRegistered": 2,
    "passPercent": 100,
    "pendingPercent": 0,
    "other": 0,
    "hasOther": false,
    "skipped": 0,
    "hasSkipped": false
  },
  "results": [
    {
      "uuid": "f8a267dc-a6ff-49b7-a781-3a17e2b7771e",
      "title": "",
      "fullFile": "",
      "file": "",
      "beforeHooks": [],
      "afterHooks": [],
      "tests": [],
      "suites": [
        {
          "uuid": "b580e90a-094a-48e5-8436-4fbbd7c46bb5",
          "title": "As a guest, I want to get Auth Token",
          "fullFile": "D:\\CypressApps\\FinalProject-03\\test\\scenarios\\01_Auth.test.js",
          "file": "\\test\\scenarios\\01_Auth.test.js",
          "beforeHooks": [],
          "afterHooks": [],
          "tests": [
            {
              "title": "Should succesfully get token",
              "fullTitle": "As a guest, I want to get Auth Token Should succesfully get token",
              "timedOut": false,
              "duration": 3102,
              "state": "passed",
              "speed": "slow",
              "pass": true,
              "fail": false,
              "pending": false,
              "context": null,
              "code": "const response = await ReqresAPI.auth(data.VALID_AUTH)\n\nassert.equal(response.status, 200);\nassert.containsAllKeys(response.data, [\"token\"]);\nassert.isString(response.data.token);\nexpect(response.data).to.be.jsonSchema(schema.VALIDATE_AUTH_SCHEMA)",
              "err": {},
              "uuid": "adb0ec1a-44f1-4dd7-acce-100231253d0b",
              "parentUUID": "b580e90a-094a-48e5-8436-4fbbd7c46bb5",
              "isHook": false,
              "skipped": false
            }
          ],
          "suites": [],
          "passes": [
            "adb0ec1a-44f1-4dd7-acce-100231253d0b"
          ],
          "failures": [],
          "pending": [],
          "skipped": [],
          "duration": 3102,
          "root": false,
          "rootEmpty": false,
          "_timeout": 180000
        },
        {
          "uuid": "91f0f761-6d62-432c-b019-f752ba446453",
          "title": "As a guest, I want to get Auth Token",
          "fullFile": "D:\\CypressApps\\FinalProject-03\\test\\scenarios\\01_Auth.test.js",
          "file": "\\test\\scenarios\\01_Auth.test.js",
          "beforeHooks": [],
          "afterHooks": [],
          "tests": [
            {
              "title": "Should succesfully get token",
              "fullTitle": "As a guest, I want to get Auth Token Should succesfully get token",
              "timedOut": false,
              "duration": 1051,
              "state": "passed",
              "speed": "slow",
              "pass": true,
              "fail": false,
              "pending": false,
              "context": null,
              "code": "const response = await ReqresAPI.auth()\n\nassert.equal(response.status, 200);\nassert.containsAllKeys(response.data, [\"reason\"]);",
              "err": {},
              "uuid": "d7df6922-9449-43d0-aabb-4c664c5578cc",
              "parentUUID": "91f0f761-6d62-432c-b019-f752ba446453",
              "isHook": false,
              "skipped": false
            }
          ],
          "suites": [],
          "passes": [
            "d7df6922-9449-43d0-aabb-4c664c5578cc"
          ],
          "failures": [],
          "pending": [],
          "skipped": [],
          "duration": 1051,
          "root": false,
          "rootEmpty": false,
          "_timeout": 180000
        }
      ],
      "passes": [],
      "failures": [],
      "pending": [],
      "skipped": [],
      "duration": 0,
      "root": true,
      "rootEmpty": true,
      "_timeout": 180000
    }
  ],
  "meta": {
    "mocha": {
      "version": "10.0.0"
    },
    "mochawesome": {
      "options": {
        "quiet": false,
        "reportFilename": "mochawesome",
        "saveHtml": true,
        "saveJson": true,
        "consoleReporter": "spec",
        "useInlineDiffs": false,
        "code": true
      },
      "version": "7.1.3"
    },
    "marge": {
      "options": {
        "reportDir": "reports"
      },
      "version": "6.2.0"
    }
  }
}